<?xml version="1.0" encoding="UTF-8" ?>
<testsuite tests="5" failures="0" name="com.kwj.shoppingmall.ProductDAOTest" time="0.288" errors="1" skipped="0">
  <properties>
[...]
</properties>
  <testcase classname="com.kwj.shoppingmall.ProductDAOTest" name="selectList" time="0.106"/>
  <testcase classname="com.kwj.shoppingmall.ProductDAOTest" name="delete" time="0"/>
  <testcase classname="com.kwj.shoppingmall.ProductDAOTest" name="insert" time="0.119"/>
  <testcase classname="com.kwj.shoppingmall.ProductDAOTest" name="select" time="0.037">
    <error type="java.lang.NullPointerException">java.lang.NullPointerException
	at com.kwj.shoppingmall.ProductDAOTest.select(ProductDAOTest.java:55)
	at sun.reflect.NativeMethodAccessorImpl.invoke0(Native Method)
	at sun.reflect.NativeMethodAccessorImpl.invoke(Unknown Source)
	at sun.reflect.DelegatingMethodAccessorImpl.invoke(Unknown Source)
	at java.lang.reflect.Method.invoke(Unknown Source)
	at org.junit.runners.model.FrameworkMethod$1.runReflectiveCall(FrameworkMethod.java:50)
	at org.junit.internal.runners.model.ReflectiveCallable.run(ReflectiveCallable.java:12)
	at org.junit.runners.model.FrameworkMethod.invokeExplosively(FrameworkMethod.java:47)
	at org.junit.internal.runners.statements.InvokeMethod.evaluate(InvokeMethod.java:17)
	at org.springframework.test.context.junit4.statements.RunBeforeTestExecutionCallbacks.evaluate(RunBeforeTestExecutionCallbacks.java:73)
	at org.springframework.test.context.junit4.statements.RunAfterTestExecutionCallbacks.evaluate(RunAfterTestExecutionCallbacks.java:83)
	at org.springframework.test.context.junit4.statements.RunBeforeTestMethodCallbacks.evaluate(RunBeforeTestMethodCallbacks.java:75)
	at org.springframework.test.context.junit4.statements.RunAfterTestMethodCallbacks.evaluate(RunAfterTestMethodCallbacks.java:86)
	at org.springframework.test.context.junit4.statements.SpringRepeat.evaluate(SpringRepeat.java:84)
	at org.junit.runners.ParentRunner.runLeaf(ParentRunner.java:325)
	at org.springframework.test.context.junit4.SpringJUnit4ClassRunner.runChild(SpringJUnit4ClassRunner.java:251)
	at org.springframework.test.context.junit4.SpringJUnit4ClassRunner.runChild(SpringJUnit4ClassRunner.java:97)
	at org.junit.runners.ParentRunner$3.run(ParentRunner.java:290)
	at org.junit.runners.ParentRunner$1.schedule(ParentRunner.java:71)
	at org.junit.runners.ParentRunner.runChildren(ParentRunner.java:288)
	at org.junit.runners.ParentRunner.access$000(ParentRunner.java:58)
	at org.junit.runners.ParentRunner$2.evaluate(ParentRunner.java:268)
	at org.springframework.test.context.junit4.statements.RunBeforeTestClassCallbacks.evaluate(RunBeforeTestClassCallbacks.java:61)
	at org.springframework.test.context.junit4.statements.RunAfterTestClassCallbacks.evaluate(RunAfterTestClassCallbacks.java:70)
	at org.junit.runners.ParentRunner.run(ParentRunner.java:363)
	at org.springframework.test.context.junit4.SpringJUnit4ClassRunner.run(SpringJUnit4ClassRunner.java:190)
	at org.apache.maven.surefire.junit4.JUnit4Provider.execute(JUnit4Provider.java:252)
	at org.apache.maven.surefire.junit4.JUnit4Provider.executeTestSet(JUnit4Provider.java:141)
	at org.apache.maven.surefire.junit4.JUnit4Provider.invoke(JUnit4Provider.java:112)
	at sun.reflect.NativeMethodAccessorImpl.invoke0(Native Method)
	at sun.reflect.NativeMethodAccessorImpl.invoke(Unknown Source)
	at sun.reflect.DelegatingMethodAccessorImpl.invoke(Unknown Source)
	at java.lang.reflect.Method.invoke(Unknown Source)
	at org.apache.maven.surefire.util.ReflectionUtils.invokeMethodWithArray(ReflectionUtils.java:189)
	at org.apache.maven.surefire.booter.ProviderFactory$ProviderProxy.invoke(ProviderFactory.java:165)
	at org.apache.maven.surefire.booter.ProviderFactory.invokeProvider(ProviderFactory.java:85)
	at org.apache.maven.surefire.booter.ForkedBooter.runSuitesInProcess(ForkedBooter.java:115)
	at org.apache.maven.surefire.booter.ForkedBooter.main(ForkedBooter.java:75)
</error>
    <system-out>INFO : jdbc.connection - 22. Connection opened
INFO : jdbc.audit - 22. Connection.new Connection returned 
INFO : jdbc.audit - 22. Connection.getAutoCommit() returned true
INFO : jdbc.audit - 22. PreparedStatement.new PreparedStatement returned 
INFO : jdbc.audit - 22. Connection.prepareStatement(SELECT * FROM products WHERE id = ?) returned net.sf.log4jdbc.PreparedStatementSpy@31500940
INFO : jdbc.audit - 22. PreparedStatement.setInt(1, 123457) returned 
INFO : jdbc.sqlonly - SELECT * FROM products WHERE id = 123457 
INFO : jdbc.sqltiming - SELECT * FROM products WHERE id = 123457  {executed in 2 msec}
INFO : jdbc.audit - 22. PreparedStatement.execute() returned true
INFO : jdbc.resultset - 22. ResultSet.new ResultSet returned 
INFO : jdbc.audit - 22. PreparedStatement.getResultSet() returned net.sf.log4jdbc.ResultSetSpy@1827a871
INFO : jdbc.resultset - 22. ResultSet.getMetaData() returned com.mysql.cj.jdbc.result.ResultSetMetaData@48e64352 - Field level information: 
	com.mysql.cj.result.Field@7249dadf[catalog=fastshop,tableName=products,originalTableName=products,columnName=id,originalColumnName=id,mysqlType=3(FIELD_TYPE_INT),sqlType=4,flags= AUTO_INCREMENT PRIMARY_KEY, charsetIndex=63, charsetName=ISO-8859-1]
	com.mysql.cj.result.Field@4362d7df[catalog=fastshop,tableName=products,originalTableName=products,columnName=name,originalColumnName=name,mysqlType=253(FIELD_TYPE_VARCHAR),sqlType=12,flags=, charsetIndex=33, charsetName=UTF8]
	com.mysql.cj.result.Field@66238be2[catalog=fastshop,tableName=products,originalTableName=products,columnName=amount,originalColumnName=amount,mysqlType=3(FIELD_TYPE_INT),sqlType=4,flags=, charsetIndex=63, charsetName=ISO-8859-1]
	com.mysql.cj.result.Field@1c25b8a7[catalog=fastshop,tableName=products,originalTableName=products,columnName=color,originalColumnName=color,mysqlType=253(FIELD_TYPE_VARCHAR),sqlType=12,flags=, charsetIndex=33, charsetName=UTF8]
	com.mysql.cj.result.Field@200606de[catalog=fastshop,tableName=products,originalTableName=products,columnName=price,originalColumnName=price,mysqlType=4(FIELD_TYPE_FLOAT),sqlType=7,flags=, charsetIndex=63, charsetName=ISO-8859-1]
	com.mysql.cj.result.Field@750fe12e[catalog=fastshop,tableName=products,originalTableName=products,columnName=image,originalColumnName=image,mysqlType=253(FIELD_TYPE_VARCHAR),sqlType=12,flags=, charsetIndex=33, charsetName=UTF8]
	com.mysql.cj.result.Field@f8908f6[catalog=fastshop,tableName=products,originalTableName=products,columnName=category,originalColumnName=category,mysqlType=253(FIELD_TYPE_VARCHAR),sqlType=12,flags=, charsetIndex=33, charsetName=UTF8]
	com.mysql.cj.result.Field@3e587920[catalog=fastshop,tableName=products,originalTableName=products,columnName=size,originalColumnName=size,mysqlType=253(FIELD_TYPE_VARCHAR),sqlType=12,flags=, charsetIndex=33, charsetName=UTF8]
	com.mysql.cj.result.Field@2ef8a8c3[catalog=fastshop,tableName=products,originalTableName=products,columnName=brandname,originalColumnName=brandname,mysqlType=253(FIELD_TYPE_VARCHAR),sqlType=12,flags= MULTI_KEY, charsetIndex=33, charsetName=UTF8]
INFO : jdbc.resultset - 22. ResultSet.getType() returned 1003
INFO : jdbc.resultsettable - |---|-----|-------|------|------|------|---------|-----|----------|
INFO : jdbc.resultsettable - |id |name |amount |color |price |image |category |size |brandname |
INFO : jdbc.resultsettable - |---|-----|-------|------|------|------|---------|-----|----------|
INFO : jdbc.resultsettable - |---|-----|-------|------|------|------|---------|-----|----------|
INFO : jdbc.resultset - 22. ResultSet.next() returned false
INFO : jdbc.resultset - 22. ResultSet.close() returned null
INFO : jdbc.audit - 22. PreparedStatement.getConnection() returned net.sf.log4jdbc.ConnectionSpy@63fd4873
INFO : jdbc.audit - 22. Connection.getMetaData() returned com.mysql.cj.jdbc.DatabaseMetaDataUsingInfoSchema@1e11bc55
INFO : jdbc.audit - 22. PreparedStatement.getMoreResults() returned false
INFO : jdbc.audit - 22. PreparedStatement.getUpdateCount() returned -1
INFO : jdbc.audit - 22. PreparedStatement.isClosed() returned false
INFO : jdbc.audit - 22. PreparedStatement.close() returned 
INFO : jdbc.connection - 22. Connection closed
INFO : jdbc.audit - 22. Connection.close() returned 
</system-out>
    <system-err>Wed Sep 19 22:33:48 KST 2018 WARN: Establishing SSL connection without server&apos;s identity verification is not recommended. According to MySQL 5.5.45+, 5.6.26+ and 5.7.6+ requirements SSL connection must be established by default if explicit option isn&apos;t set. For compliance with existing applications not using SSL the verifyServerCertificate property is set to &apos;false&apos;. You need either to explicitly disable SSL by setting useSSL=false, or set useSSL=true and provide truststore for server certificate verification.
</system-err>
  </testcase>
  <testcase classname="com.kwj.shoppingmall.ProductDAOTest" name="update" time="0.026"/>
</testsuite>